<?xml version="1.0" encoding="UTF-8"?>
<testsuite xmlns:xsi="http://www.w3.org/2001/XMLSchema-instance" xsi:noNamespaceSchemaLocation="https://maven.apache.org/surefire/maven-surefire-plugin/xsd/surefire-test-report.xsd" name="com.auth.letter.service.SceneServiceTest" time="0.225" tests="5" errors="0" skipped="0" failures="0">
  <properties>
[...]
</properties>
  <testcase name="testMatchScenes" classname="com.auth.letter.service.SceneServiceTest" time="0.001"/>
  <testcase name="testCreate" classname="com.auth.letter.service.SceneServiceTest" time="0.045"/>
  <testcase name="testDelete" classname="com.auth.letter.service.SceneServiceTest" time="0.041"/>
  <testcase name="testQueryByLetterId" classname="com.auth.letter.service.SceneServiceTest" time="0.036"/>
  <testcase name="testUpdate" classname="com.auth.letter.service.SceneServiceTest" time="0.064"/>
</testsuite>